c:\users\asus\desktop\claritytipa\examples\example_win32_directx9\debug\vc142.pdb
c:\users\asus\desktop\claritytipa\examples\example_win32_directx9\debug\vc142.idb
c:\users\asus\desktop\claritytipa\examples\example_win32_directx9\debug\main.obj
c:\users\asus\desktop\claritytipa\examples\example_win32_directx9\debug\imgui_impl_win32.obj
c:\users\asus\desktop\claritytipa\examples\example_win32_directx9\debug\imgui_impl_dx9.obj
c:\users\asus\desktop\claritytipa\examples\example_win32_directx9\debug\imgui_widgets.obj
c:\users\asus\desktop\claritytipa\examples\example_win32_directx9\debug\imgui_tables.obj
c:\users\asus\desktop\claritytipa\examples\example_win32_directx9\debug\imgui_draw.obj
c:\users\asus\desktop\claritytipa\examples\example_win32_directx9\debug\imgui_demo.obj
c:\users\asus\desktop\claritytipa\examples\example_win32_directx9\debug\imgui.obj
c:\users\asus\desktop\claritytipa\examples\example_win32_directx9\debug\nav_elements.obj
c:\users\asus\desktop\claritytipa\examples\example_win32_directx9\debug\etc_elements.obj
c:\users\asus\desktop\claritytipa\examples\example_win32_directx9\debug\example_win32_directx9.exe
c:\users\asus\desktop\claritytipa\examples\example_win32_directx9\debug\example_win32_directx9.ilk
c:\users\asus\desktop\claritytipa\examples\example_win32_directx9\debug\example_win32_directx9.pdb
c:\users\vanss\downloads\claritytipa\claritytipa\examples\example_win32_directx9\debug\etc_elements.obj
c:\users\vanss\downloads\claritytipa\claritytipa\examples\example_win32_directx9\debug\imgui.obj
c:\users\vanss\downloads\claritytipa\claritytipa\examples\example_win32_directx9\debug\imgui_demo.obj
c:\users\vanss\downloads\claritytipa\claritytipa\examples\example_win32_directx9\debug\imgui_draw.obj
c:\users\vanss\downloads\claritytipa\claritytipa\examples\example_win32_directx9\debug\imgui_impl_dx9.obj
c:\users\vanss\downloads\claritytipa\claritytipa\examples\example_win32_directx9\debug\imgui_impl_win32.obj
c:\users\vanss\downloads\claritytipa\claritytipa\examples\example_win32_directx9\debug\imgui_tables.obj
c:\users\vanss\downloads\claritytipa\claritytipa\examples\example_win32_directx9\debug\imgui_widgets.obj
c:\users\vanss\downloads\claritytipa\claritytipa\examples\example_win32_directx9\debug\main.obj
c:\users\vanss\downloads\claritytipa\claritytipa\examples\example_win32_directx9\debug\nav_elements.obj
c:\users\vanss\downloads\claritytipa\claritytipa\examples\example_win32_directx9\debug\example_win32_directx9.ilk
c:\users\vanss\downloads\claritytipa\claritytipa\examples\example_win32_directx9\debug\vc142.idb
c:\users\vanss\downloads\claritytipa\claritytipa\examples\example_win32_directx9\debug\example_win32_directx9.pdb
c:\users\vanss\downloads\claritytipa\claritytipa\examples\example_win32_directx9\debug\vc142.pdb
c:\users\vanss\downloads\claritytipa\claritytipa\examples\example_win32_directx9\debug\example_win32_directx9.exe
c:\users\vanss\downloads\claritytipa\claritytipa\examples\example_win32_directx9\debug\example_win32_directx9.vcxproj.filelistabsolute.txt
c:\users\vanss\downloads\claritytipa\claritytipa\examples\example_win32_directx9\debug\example_.4165a294.tlog\cl.command.1.tlog
c:\users\vanss\downloads\claritytipa\claritytipa\examples\example_win32_directx9\debug\example_.4165a294.tlog\cl.read.1.tlog
c:\users\vanss\downloads\claritytipa\claritytipa\examples\example_win32_directx9\debug\example_.4165a294.tlog\cl.write.1.tlog
c:\users\vanss\downloads\claritytipa\claritytipa\examples\example_win32_directx9\debug\example_.4165a294.tlog\link.command.1.tlog
c:\users\vanss\downloads\claritytipa\claritytipa\examples\example_win32_directx9\debug\example_.4165a294.tlog\link.read.1.tlog
c:\users\vanss\downloads\claritytipa\claritytipa\examples\example_win32_directx9\debug\example_.4165a294.tlog\link.write.1.tlog
